<?xml version="1.0" encoding="UTF-8"?>
<testsuite xmlns:xsi="http://www.w3.org/2001/XMLSchema-instance" xsi:noNamespaceSchemaLocation="https://maven.apache.org/surefire/maven-surefire-plugin/xsd/surefire-test-report-3.0.xsd" version="3.0" name="com.yty.godbatis.test.GodBatisTest" time="0.274" tests="3" errors="0" skipped="0" failures="0">
  <properties>
[...]
</properties>
  <testcase name="testSelectOne" classname="com.yty.godbatis.test.GodBatisTest" time="0.231">
    <system-out><![CDATA[CarMapper.xml
com.yty.godbatis.pojo.User
select id, name, age from batis where id=?;
User{id='2', name='syb', age='25'}
]]></system-out>
  </testcase>
  <testcase name="testSessionFactory" classname="com.yty.godbatis.test.GodBatisTest" time="0.002">
    <system-out><![CDATA[CarMapper.xml
com.yty.godbatis.core.SqlSessionFactory@5505ae1a
]]></system-out>
  </testcase>
  <testcase name="testInsert" classname="com.yty.godbatis.test.GodBatisTest" time="0.018">
    <system-out><![CDATA[CarMapper.xml
insert into batis(id, name, age) values (?, ?, ?);
]]></system-out>
  </testcase>
</testsuite>